<?xml version="1.0" encoding="UTF-8"?>
<!-- Generated by org.testng.reporters.JUnitReportReporter -->
<testsuite hostname="DESKTOP-JHAC9CR" name="Selenium.Demovod.GIF_new" tests="1" failures="0" timestamp="3 Apr 2021 16:19:57 GMT" time="4.898" errors="0">
  <testcase name="gotologinoage" time="4.898" classname="Selenium.Demovod.GIF_new"/>
</testsuite> <!-- Selenium.Demovod.GIF_new -->
